0 info it worked if it ends with ok
1 verbose cli [ 'C:\\Program Files\\nodejs\\node.exe',
1 verbose cli   'C:\\Program Files\\nodejs\\node_modules\\npm\\bin\\npm-cli.js',
1 verbose cli   'start' ]
2 info using npm@3.10.10
3 info using node@v6.11.3
4 verbose run-script [ 'prestart', 'start', 'poststart' ]
5 info lifecycle pwa_agora_cc_merch@1.0.0~prestart: pwa_agora_cc_merch@1.0.0
6 silly lifecycle pwa_agora_cc_merch@1.0.0~prestart: no script for prestart, continuing
7 info lifecycle pwa_agora_cc_merch@1.0.0~start: pwa_agora_cc_merch@1.0.0
8 verbose lifecycle pwa_agora_cc_merch@1.0.0~start: unsafe-perm in lifecycle true
9 verbose lifecycle pwa_agora_cc_merch@1.0.0~start: PATH: C:\Program Files\nodejs\node_modules\npm\bin\node-gyp-bin;C:\Users\PC-Computer\Documents\GitHub\pwa_agora_cc_merch\node_modules\.bin;C:\Program Files (x86)\Common Files\Intel\Shared Files\cpp\bin\Intel64;C:\gammu\bin;C:\oraclexe\app\oracle\product\11.2.0\server\bin;C:\oracle\ora92\bin;C:\Program Files (x86)\Oracle\jre\1.3.1\bin;C:\Program Files (x86)\Oracle\jre\1.1.8\bin;C:\Program Files (x86)\Intel\iCLS Client\;C:\Program Files\Intel\iCLS Client\;C:\Program Files\Java\jdk1.8.0_20\bin;C:\Users\PC-Computer\AppData\Roaming\Composer\vendor\bin;C:\ProgramData\Oracle\Java\javapath;C:\WINDOWS\system32;C:\WINDOWS;C:\WINDOWS\System32\Wbem;C:\WINDOWS\System32\WindowsPowerShell\v1.0\;C:\Program Files (x86)\Dell\SysMgt\rac5;C:\Program Files (x86)\Kaspersky Lab\Kaspersky Endpoint Security 10 for Windows SP1\;C:\Program Files (x86)\Intel\Intel(R) Management Engine Components\DAL;C:\Program Files\Intel\Intel(R) Management Engine Components\DAL;C:\Program Files (x86)\Intel\Intel(R) Management Engine Components\IPT;C:\Program Files\Intel\Intel(R) Management Engine Components\IPT;C:\xampp1\php;C:\ProgramData\ComposerSetup\bin;C:\Program Files (x86)\Skype\Phone\;C:\Program Files\nodejs\;C:\Program Files\Git\cmd;C:\Program Files\MongoDB\Server\3.4\bin;C:\Ruby22-x64\bin;C:\Users\PC-Computer\AppData\Local\GitHubDesktop\bin;C:\Users\PC-Computer\AppData\Roaming\npm;C:\Users\PC-Computer\AppData\Local\atom\bin;C:\Program Files\Microsoft VS Code\bin;C:\Program Files\Heroku\bin
10 verbose lifecycle pwa_agora_cc_merch@1.0.0~start: CWD: C:\Users\PC-Computer\Documents\GitHub\pwa_agora_cc_merch
11 silly lifecycle pwa_agora_cc_merch@1.0.0~start: Args: [ '/d /s /c', 'node app' ]
12 silly lifecycle pwa_agora_cc_merch@1.0.0~start: Returned: code: 1  signal: null
13 info lifecycle pwa_agora_cc_merch@1.0.0~start: Failed to exec start script
14 verbose stack Error: pwa_agora_cc_merch@1.0.0 start: `node app`
14 verbose stack Exit status 1
14 verbose stack     at EventEmitter.<anonymous> (C:\Program Files\nodejs\node_modules\npm\lib\utils\lifecycle.js:255:16)
14 verbose stack     at emitTwo (events.js:106:13)
14 verbose stack     at EventEmitter.emit (events.js:191:7)
14 verbose stack     at ChildProcess.<anonymous> (C:\Program Files\nodejs\node_modules\npm\lib\utils\spawn.js:40:14)
14 verbose stack     at emitTwo (events.js:106:13)
14 verbose stack     at ChildProcess.emit (events.js:191:7)
14 verbose stack     at maybeClose (internal/child_process.js:920:16)
14 verbose stack     at Process.ChildProcess._handle.onexit (internal/child_process.js:230:5)
15 verbose pkgid pwa_agora_cc_merch@1.0.0
16 verbose cwd C:\Users\PC-Computer\Documents\GitHub\pwa_agora_cc_merch
17 error Windows_NT 10.0.10240
18 error argv "C:\\Program Files\\nodejs\\node.exe" "C:\\Program Files\\nodejs\\node_modules\\npm\\bin\\npm-cli.js" "start"
19 error node v6.11.3
20 error npm  v3.10.10
21 error code ELIFECYCLE
22 error pwa_agora_cc_merch@1.0.0 start: `node app`
22 error Exit status 1
23 error Failed at the pwa_agora_cc_merch@1.0.0 start script 'node app'.
23 error Make sure you have the latest version of node.js and npm installed.
23 error If you do, this is most likely a problem with the pwa_agora_cc_merch package,
23 error not with npm itself.
23 error Tell the author that this fails on your system:
23 error     node app
23 error You can get information on how to open an issue for this project with:
23 error     npm bugs pwa_agora_cc_merch
23 error Or if that isn't available, you can get their info via:
23 error     npm owner ls pwa_agora_cc_merch
23 error There is likely additional logging output above.
24 verbose exit [ 1, true ]
